0 info it worked if it ends with ok
1 verbose cli [ 'C:\\Program Files\\nodejs\\node.exe',
1 verbose cli   'C:\\Users\\jbrancourt\\AppData\\Roaming\\npm\\node_modules\\npm\\bin\\npm-cli.js',
1 verbose cli   'start' ]
2 info using npm@3.5.2
3 info using node@v4.2.3
4 verbose run-script [ 'prestart', 'start', 'poststart' ]
5 info lifecycle tutorial_users@~prestart: tutorial_users@
6 silly lifecycle tutorial_users@~prestart: no script for prestart, continuing
7 info lifecycle tutorial_users@~start: tutorial_users@
8 verbose lifecycle tutorial_users@~start: unsafe-perm in lifecycle true
9 verbose lifecycle tutorial_users@~start: PATH: C:\Users\jbrancourt\AppData\Roaming\npm\node_modules\npm\bin\node-gyp-bin;C:\Users\jbrancourt\Documents\Ressources\Angular2\Test\Angular2_example\node_modules\.bin;D:\Soft_stand_alone\ConEmu;D:\Soft_stand_alone\ConEmu\ConEmu;C:\ProgramData\Oracle\Java\javapath;C:\Program Files\Common Files\Microsoft Shared\Windows Live;C:\Program Files (x86)\Common Files\Microsoft Shared\Windows Live;C:\Ruby193\bin;C:\Windows\system32;C:\Windows;C:\Windows\System32\Wbem;C:\Windows\System32\WindowsPowerShell\v1.0\;C:\Program Files (x86)\Intel\OpenCL SDK\3.0\bin\x86;C:\Program Files (x86)\Intel\OpenCL SDK\3.0\bin\x64;C:\Program Files\TortoiseSVN\bin;C:\Program Files (x86)\Windows Live\Shared;C:\pear;C:\php;C:\Users\jbrancourt\AppData\Roaming\npm;C:\Program Files\MongoDB\Server\3.0\bin;C:\Program Files (x86)\Git\cmd;C:\Program Files (x86)\GitExtensions\;C:\Users\jbrancourt\AppData\Local\Android\sdk\platform-tools;C:\Program Files\nodejs\;C:\Python27;C:\Users\jbrancourt\AppData\Local\atom\bin
10 verbose lifecycle tutorial_users@~start: CWD: C:\Users\jbrancourt\Documents\Ressources\Angular2\Test\Angular2_example
11 silly lifecycle tutorial_users@~start: Args: [ '/d /s /c', 'gulp serve --env dev' ]
12 silly lifecycle tutorial_users@~start: Returned: code: 1  signal: null
13 info lifecycle tutorial_users@~start: Failed to exec start script
14 verbose stack Error: tutorial_users@ start: `gulp serve --env dev`
14 verbose stack Exit status 1
14 verbose stack     at EventEmitter.<anonymous> (C:\Users\jbrancourt\AppData\Roaming\npm\node_modules\npm\lib\utils\lifecycle.js:232:16)
14 verbose stack     at emitTwo (events.js:87:13)
14 verbose stack     at EventEmitter.emit (events.js:172:7)
14 verbose stack     at ChildProcess.<anonymous> (C:\Users\jbrancourt\AppData\Roaming\npm\node_modules\npm\lib\utils\spawn.js:24:14)
14 verbose stack     at emitTwo (events.js:87:13)
14 verbose stack     at ChildProcess.emit (events.js:172:7)
14 verbose stack     at maybeClose (internal/child_process.js:818:16)
14 verbose stack     at Process.ChildProcess._handle.onexit (internal/child_process.js:211:5)
15 verbose pkgid tutorial_users@
16 verbose cwd C:\Users\jbrancourt\Documents\Ressources\Angular2\Test\Angular2_example
17 error Windows_NT 6.1.7601
18 error argv "C:\\Program Files\\nodejs\\node.exe" "C:\\Users\\jbrancourt\\AppData\\Roaming\\npm\\node_modules\\npm\\bin\\npm-cli.js" "start"
19 error node v4.2.3
20 error npm  v3.5.2
21 error code ELIFECYCLE
22 error tutorial_users@ start: `gulp serve --env dev`
22 error Exit status 1
23 error Failed at the tutorial_users@ start script 'gulp serve --env dev'.
23 error Make sure you have the latest version of node.js and npm installed.
23 error If you do, this is most likely a problem with the tutorial_users package,
23 error not with npm itself.
23 error Tell the author that this fails on your system:
23 error     gulp serve --env dev
23 error You can get information on how to open an issue for this project with:
23 error     npm bugs tutorial_users
23 error Or if that isn't available, you can get their info via:
23 error     npm owner ls tutorial_users
23 error There is likely additional logging output above.
24 verbose exit [ 1, true ]
